<?xml version="1.0" encoding="UTF-8"?>
<!-- Generated by org.testng.reporters.JUnitReportReporter -->
<testsuite skipped="0" hostname="DDT" name="Test.test_delete" tests="1" failures="0" timestamp="28 Mar 2020 17:04:10 GMT" time="5.355" errors="0">
  <testcase name="post_test_req" time="5.355" classname="Test.test_delete"/>
</testsuite> <!-- Test.test_delete -->
