<?xml version="1.0" encoding="UTF-8"?>
<!-- Generated by org.testng.reporters.JUnitReportReporter -->
<testsuite skipped="0" hostname="DDT" name="Test.test_get" tests="3" failures="0" timestamp="28 Mar 2020 17:01:03 GMT" time="9.077" errors="0">
  <testcase name="get_test_req_pune" time="1.152" classname="Test.test_get"/>
  <testcase name="get_test_req_mumbai" time="0.986" classname="Test.test_get"/>
  <testcase name="get_test_req_chennai" time="6.939" classname="Test.test_get"/>
</testsuite> <!-- Test.test_get -->
